[2020-06-19 00:04:59] local.ERROR: file_put_contents(_ide_helper.php): failed to open stream: Permission denied {"exception":"[object] (ErrorException(code: 0): file_put_contents(_ide_helper.php): failed to open stream: Permission denied at /home/leonardo/Documents/fullcycle/codeflix/micro-videos/vendor/laravel/framework/src/Illuminate/Filesystem/Filesystem.php:122)
[stacktrace]
#0 [internal function]: Illuminate\\Foundation\\Bootstrap\\HandleExceptions->handleError()
#1 /home/leonardo/Documents/fullcycle/codeflix/micro-videos/vendor/laravel/framework/src/Illuminate/Filesystem/Filesystem.php(122): file_put_contents()
#2 /home/leonardo/Documents/fullcycle/codeflix/micro-videos/vendor/barryvdh/laravel-ide-helper/src/Console/GeneratorCommand.php(114): Illuminate\\Filesystem\\Filesystem->put()
#3 [internal function]: Barryvdh\\LaravelIdeHelper\\Console\\GeneratorCommand->handle()
#4 /home/leonardo/Documents/fullcycle/codeflix/micro-videos/vendor/laravel/framework/src/Illuminate/Container/BoundMethod.php(32): call_user_func_array()
#5 /home/leonardo/Documents/fullcycle/codeflix/micro-videos/vendor/laravel/framework/src/Illuminate/Container/BoundMethod.php(90): Illuminate\\Container\\BoundMethod::Illuminate\\Container\\{closure}()
#6 /home/leonardo/Documents/fullcycle/codeflix/micro-videos/vendor/laravel/framework/src/Illuminate/Container/BoundMethod.php(34): Illuminate\\Container\\BoundMethod::callBoundMethod()
#7 /home/leonardo/Documents/fullcycle/codeflix/micro-videos/vendor/laravel/framework/src/Illuminate/Container/Container.php(591): Illuminate\\Container\\BoundMethod::call()
#8 /home/leonardo/Documents/fullcycle/codeflix/micro-videos/vendor/laravel/framework/src/Illuminate/Console/Command.php(192): Illuminate\\Container\\Container->call()
#9 /home/leonardo/Documents/fullcycle/codeflix/micro-videos/vendor/symfony/console/Command/Command.php(255): Illuminate\\Console\\Command->execute()
#10 /home/leonardo/Documents/fullcycle/codeflix/micro-videos/vendor/laravel/framework/src/Illuminate/Console/Command.php(179): Symfony\\Component\\Console\\Command\\Command->run()
#11 /home/leonardo/Documents/fullcycle/codeflix/micro-videos/vendor/symfony/console/Application.php(915): Illuminate\\Console\\Command->run()
#12 /home/leonardo/Documents/fullcycle/codeflix/micro-videos/vendor/symfony/console/Application.php(272): Symfony\\Component\\Console\\Application->doRunCommand()
#13 /home/leonardo/Documents/fullcycle/codeflix/micro-videos/vendor/symfony/console/Application.php(148): Symfony\\Component\\Console\\Application->doRun()
#14 /home/leonardo/Documents/fullcycle/codeflix/micro-videos/vendor/laravel/framework/src/Illuminate/Console/Application.php(90): Symfony\\Component\\Console\\Application->run()
#15 /home/leonardo/Documents/fullcycle/codeflix/micro-videos/vendor/laravel/framework/src/Illuminate/Foundation/Console/Kernel.php(131): Illuminate\\Console\\Application->run()
#16 /home/leonardo/Documents/fullcycle/codeflix/micro-videos/artisan(37): Illuminate\\Foundation\\Console\\Kernel->handle()
#17 {main}
"} 
[2020-06-19 00:05:12] local.ERROR: file_put_contents(_ide_helper.php): failed to open stream: Permission denied {"exception":"[object] (ErrorException(code: 0): file_put_contents(_ide_helper.php): failed to open stream: Permission denied at /home/leonardo/Documents/fullcycle/codeflix/micro-videos/vendor/laravel/framework/src/Illuminate/Filesystem/Filesystem.php:122)
[stacktrace]
#0 [internal function]: Illuminate\\Foundation\\Bootstrap\\HandleExceptions->handleError()
#1 /home/leonardo/Documents/fullcycle/codeflix/micro-videos/vendor/laravel/framework/src/Illuminate/Filesystem/Filesystem.php(122): file_put_contents()
#2 /home/leonardo/Documents/fullcycle/codeflix/micro-videos/vendor/barryvdh/laravel-ide-helper/src/Console/GeneratorCommand.php(114): Illuminate\\Filesystem\\Filesystem->put()
#3 [internal function]: Barryvdh\\LaravelIdeHelper\\Console\\GeneratorCommand->handle()
#4 /home/leonardo/Documents/fullcycle/codeflix/micro-videos/vendor/laravel/framework/src/Illuminate/Container/BoundMethod.php(32): call_user_func_array()
#5 /home/leonardo/Documents/fullcycle/codeflix/micro-videos/vendor/laravel/framework/src/Illuminate/Container/BoundMethod.php(90): Illuminate\\Container\\BoundMethod::Illuminate\\Container\\{closure}()
#6 /home/leonardo/Documents/fullcycle/codeflix/micro-videos/vendor/laravel/framework/src/Illuminate/Container/BoundMethod.php(34): Illuminate\\Container\\BoundMethod::callBoundMethod()
#7 /home/leonardo/Documents/fullcycle/codeflix/micro-videos/vendor/laravel/framework/src/Illuminate/Container/Container.php(591): Illuminate\\Container\\BoundMethod::call()
#8 /home/leonardo/Documents/fullcycle/codeflix/micro-videos/vendor/laravel/framework/src/Illuminate/Console/Command.php(192): Illuminate\\Container\\Container->call()
#9 /home/leonardo/Documents/fullcycle/codeflix/micro-videos/vendor/symfony/console/Command/Command.php(255): Illuminate\\Console\\Command->execute()
#10 /home/leonardo/Documents/fullcycle/codeflix/micro-videos/vendor/laravel/framework/src/Illuminate/Console/Command.php(179): Symfony\\Component\\Console\\Command\\Command->run()
#11 /home/leonardo/Documents/fullcycle/codeflix/micro-videos/vendor/symfony/console/Application.php(915): Illuminate\\Console\\Command->run()
#12 /home/leonardo/Documents/fullcycle/codeflix/micro-videos/vendor/symfony/console/Application.php(272): Symfony\\Component\\Console\\Application->doRunCommand()
#13 /home/leonardo/Documents/fullcycle/codeflix/micro-videos/vendor/symfony/console/Application.php(148): Symfony\\Component\\Console\\Application->doRun()
#14 /home/leonardo/Documents/fullcycle/codeflix/micro-videos/vendor/laravel/framework/src/Illuminate/Console/Application.php(90): Symfony\\Component\\Console\\Application->run()
#15 /home/leonardo/Documents/fullcycle/codeflix/micro-videos/vendor/laravel/framework/src/Illuminate/Foundation/Console/Kernel.php(131): Illuminate\\Console\\Application->run()
#16 /home/leonardo/Documents/fullcycle/codeflix/micro-videos/artisan(37): Illuminate\\Foundation\\Console\\Kernel->handle()
#17 {main}
"} 
[2020-06-19 00:22:54] local.ERROR: Unable to locate factory with name [default] [App\Models\Genre]. {"exception":"[object] (InvalidArgumentException(code: 0): Unable to locate factory with name [default] [App\\Models\\Genre]. at /var/www/vendor/laravel/framework/src/Illuminate/Database/Eloquent/FactoryBuilder.php:269)
[stacktrace]
#0 /var/www/vendor/laravel/framework/src/Illuminate/Database/Eloquent/FactoryBuilder.php(292): Illuminate\\Database\\Eloquent\\FactoryBuilder->getRawAttributes(Array)
#1 /var/www/vendor/laravel/framework/src/Illuminate/Database/Eloquent/Concerns/GuardsAttributes.php(116): Illuminate\\Database\\Eloquent\\FactoryBuilder->Illuminate\\Database\\Eloquent\\{closure}()
#2 /var/www/vendor/laravel/framework/src/Illuminate/Database/Eloquent/FactoryBuilder.php(300): Illuminate\\Database\\Eloquent\\Model::unguarded(Object(Closure))
#3 /var/www/vendor/laravel/framework/src/Illuminate/Database/Eloquent/FactoryBuilder.php(229): Illuminate\\Database\\Eloquent\\FactoryBuilder->makeInstance(Array)
#4 [internal function]: Illuminate\\Database\\Eloquent\\FactoryBuilder->Illuminate\\Database\\Eloquent\\{closure}(1)
#5 /var/www/vendor/laravel/framework/src/Illuminate/Database/Eloquent/FactoryBuilder.php(230): array_map(Object(Closure), Array)
#6 /var/www/vendor/laravel/framework/src/Illuminate/Database/Eloquent/FactoryBuilder.php(178): Illuminate\\Database\\Eloquent\\FactoryBuilder->make(Array)
#7 /var/www/database/seeds/GenresTableSeeder.php(14): Illuminate\\Database\\Eloquent\\FactoryBuilder->create()
#8 [internal function]: GenresTableSeeder->run()
#9 /var/www/vendor/laravel/framework/src/Illuminate/Container/BoundMethod.php(32): call_user_func_array(Array, Array)
#10 /var/www/vendor/laravel/framework/src/Illuminate/Container/BoundMethod.php(90): Illuminate\\Container\\BoundMethod::Illuminate\\Container\\{closure}()
#11 /var/www/vendor/laravel/framework/src/Illuminate/Container/BoundMethod.php(34): Illuminate\\Container\\BoundMethod::callBoundMethod(Object(Illuminate\\Foundation\\Application), Array, Object(Closure))
#12 /var/www/vendor/laravel/framework/src/Illuminate/Container/Container.php(591): Illuminate\\Container\\BoundMethod::call(Object(Illuminate\\Foundation\\Application), Array, Array, NULL)
#13 /var/www/vendor/laravel/framework/src/Illuminate/Database/Seeder.php(124): Illuminate\\Container\\Container->call(Array)
#14 /var/www/vendor/laravel/framework/src/Illuminate/Database/Seeder.php(44): Illuminate\\Database\\Seeder->__invoke()
#15 /var/www/database/seeds/DatabaseSeeder.php(16): Illuminate\\Database\\Seeder->call('GenresTableSeed...')
#16 [internal function]: DatabaseSeeder->run()
#17 /var/www/vendor/laravel/framework/src/Illuminate/Container/BoundMethod.php(32): call_user_func_array(Array, Array)
#18 /var/www/vendor/laravel/framework/src/Illuminate/Container/BoundMethod.php(90): Illuminate\\Container\\BoundMethod::Illuminate\\Container\\{closure}()
#19 /var/www/vendor/laravel/framework/src/Illuminate/Container/BoundMethod.php(34): Illuminate\\Container\\BoundMethod::callBoundMethod(Object(Illuminate\\Foundation\\Application), Array, Object(Closure))
#20 /var/www/vendor/laravel/framework/src/Illuminate/Container/Container.php(591): Illuminate\\Container\\BoundMethod::call(Object(Illuminate\\Foundation\\Application), Array, Array, NULL)
#21 /var/www/vendor/laravel/framework/src/Illuminate/Database/Seeder.php(124): Illuminate\\Container\\Container->call(Array)
#22 /var/www/vendor/laravel/framework/src/Illuminate/Database/Console/Seeds/SeedCommand.php(63): Illuminate\\Database\\Seeder->__invoke()
#23 /var/www/vendor/laravel/framework/src/Illuminate/Database/Eloquent/Concerns/GuardsAttributes.php(122): Illuminate\\Database\\Console\\Seeds\\SeedCommand->Illuminate\\Database\\Console\\Seeds\\{closure}()
#24 /var/www/vendor/laravel/framework/src/Illuminate/Database/Console/Seeds/SeedCommand.php(64): Illuminate\\Database\\Eloquent\\Model::unguarded(Object(Closure))
#25 [internal function]: Illuminate\\Database\\Console\\Seeds\\SeedCommand->handle()
#26 /var/www/vendor/laravel/framework/src/Illuminate/Container/BoundMethod.php(32): call_user_func_array(Array, Array)
#27 /var/www/vendor/laravel/framework/src/Illuminate/Container/BoundMethod.php(90): Illuminate\\Container\\BoundMethod::Illuminate\\Container\\{closure}()
#28 /var/www/vendor/laravel/framework/src/Illuminate/Container/BoundMethod.php(34): Illuminate\\Container\\BoundMethod::callBoundMethod(Object(Illuminate\\Foundation\\Application), Array, Object(Closure))
#29 /var/www/vendor/laravel/framework/src/Illuminate/Container/Container.php(591): Illuminate\\Container\\BoundMethod::call(Object(Illuminate\\Foundation\\Application), Array, Array, NULL)
#30 /var/www/vendor/laravel/framework/src/Illuminate/Console/Command.php(192): Illuminate\\Container\\Container->call(Array)
#31 /var/www/vendor/symfony/console/Command/Command.php(255): Illuminate\\Console\\Command->execute(Object(Symfony\\Component\\Console\\Input\\ArrayInput), Object(Illuminate\\Console\\OutputStyle))
#32 /var/www/vendor/laravel/framework/src/Illuminate/Console/Command.php(179): Symfony\\Component\\Console\\Command\\Command->run(Object(Symfony\\Component\\Console\\Input\\ArrayInput), Object(Illuminate\\Console\\OutputStyle))
#33 /var/www/vendor/laravel/framework/src/Illuminate/Console/Command.php(232): Illuminate\\Console\\Command->run(Object(Symfony\\Component\\Console\\Input\\ArrayInput), Object(Illuminate\\Console\\OutputStyle))
#34 /var/www/vendor/laravel/framework/src/Illuminate/Console/Command.php(204): Illuminate\\Console\\Command->runCommand('db:seed', Array, Object(Illuminate\\Console\\OutputStyle))
#35 /var/www/vendor/laravel/framework/src/Illuminate/Database/Console/Migrations/FreshCommand.php(79): Illuminate\\Console\\Command->call('db:seed', Array)
#36 /var/www/vendor/laravel/framework/src/Illuminate/Database/Console/Migrations/FreshCommand.php(56): Illuminate\\Database\\Console\\Migrations\\FreshCommand->runSeeder(NULL)
#37 [internal function]: Illuminate\\Database\\Console\\Migrations\\FreshCommand->handle()
#38 /var/www/vendor/laravel/framework/src/Illuminate/Container/BoundMethod.php(32): call_user_func_array(Array, Array)
#39 /var/www/vendor/laravel/framework/src/Illuminate/Container/BoundMethod.php(90): Illuminate\\Container\\BoundMethod::Illuminate\\Container\\{closure}()
#40 /var/www/vendor/laravel/framework/src/Illuminate/Container/BoundMethod.php(34): Illuminate\\Container\\BoundMethod::callBoundMethod(Object(Illuminate\\Foundation\\Application), Array, Object(Closure))
#41 /var/www/vendor/laravel/framework/src/Illuminate/Container/Container.php(591): Illuminate\\Container\\BoundMethod::call(Object(Illuminate\\Foundation\\Application), Array, Array, NULL)
#42 /var/www/vendor/laravel/framework/src/Illuminate/Console/Command.php(192): Illuminate\\Container\\Container->call(Array)
#43 /var/www/vendor/symfony/console/Command/Command.php(255): Illuminate\\Console\\Command->execute(Object(Symfony\\Component\\Console\\Input\\ArgvInput), Object(Illuminate\\Console\\OutputStyle))
#44 /var/www/vendor/laravel/framework/src/Illuminate/Console/Command.php(179): Symfony\\Component\\Console\\Command\\Command->run(Object(Symfony\\Component\\Console\\Input\\ArgvInput), Object(Illuminate\\Console\\OutputStyle))
#45 /var/www/vendor/symfony/console/Application.php(915): Illuminate\\Console\\Command->run(Object(Symfony\\Component\\Console\\Input\\ArgvInput), Object(Symfony\\Component\\Console\\Output\\ConsoleOutput))
#46 /var/www/vendor/symfony/console/Application.php(272): Symfony\\Component\\Console\\Application->doRunCommand(Object(Illuminate\\Database\\Console\\Migrations\\FreshCommand), Object(Symfony\\Component\\Console\\Input\\ArgvInput), Object(Symfony\\Component\\Console\\Output\\ConsoleOutput))
#47 /var/www/vendor/symfony/console/Application.php(148): Symfony\\Component\\Console\\Application->doRun(Object(Symfony\\Component\\Console\\Input\\ArgvInput), Object(Symfony\\Component\\Console\\Output\\ConsoleOutput))
#48 /var/www/vendor/laravel/framework/src/Illuminate/Console/Application.php(90): Symfony\\Component\\Console\\Application->run(Object(Symfony\\Component\\Console\\Input\\ArgvInput), Object(Symfony\\Component\\Console\\Output\\ConsoleOutput))
#49 /var/www/vendor/laravel/framework/src/Illuminate/Foundation/Console/Kernel.php(131): Illuminate\\Console\\Application->run(Object(Symfony\\Component\\Console\\Input\\ArgvInput), Object(Symfony\\Component\\Console\\Output\\ConsoleOutput))
#50 /var/www/artisan(37): Illuminate\\Foundation\\Console\\Kernel->handle(Object(Symfony\\Component\\Console\\Input\\ArgvInput), Object(Symfony\\Component\\Console\\Output\\ConsoleOutput))
#51 {main}
"} 
